Determining if the include file dirent.h exists failed with the following output:
Change Dir: C:/Dev/Psybrus/External/pcre/CMakeFiles/CMakeTmp

Run Build Command:C:\Windows\Microsoft.NET\Framework\v4.0.30319\MSBuild.exe cmTryCompileExec.vcxproj /p:Configuration=Debug
Microsoft (R) Build Engine Version 4.0.30319.1
[Microsoft .NET Framework, Version 4.0.30319.269]
Copyright (C) Microsoft Corporation 2007. All rights reserved.

Build started 12/12/2012 6:05:24 PM.
Project "C:\Dev\Psybrus\External\pcre\CMakeFiles\CMakeTmp\cmTryCompileExec.vcxproj" on node 1 (default targets).
InitializeBuildStatus:
  Creating "cmTryCompileExec.dir\Debug\cmTryCompileExec.unsuccessfulbuild" because "AlwaysCreate" was specified.
ClCompile:
  c:\Program Files (x86)\Microsoft Visual Studio 10.0\VC\bin\CL.exe /c /Zi /W3 /WX- /Od /Ob0 /Oy- /D WIN32 /D _WINDOWS /D _DEBUG /D "CMAKE_INTDIR=\"Debug\"" /D _MBCS /Gm- /RTC1 /MDd /GS /fp:precise /Zc:wchar_t /Zc:forScope /Fo"cmTryCompileExec.dir\Debug\\" /Fd"C:/Dev/Psybrus/External/pcre/CMakeFiles/CMakeTmp/Debug/cmTryCompileExec.pdb" /Gd /TC /analyze- /errorReport:queue C:\Dev\Psybrus\External\pcre\CMakeFiles\CMakeTmp\CheckIncludeFile.c  /Zm1000 
  Microsoft (R) 32-bit C/C++ Optimizing Compiler Version 16.00.30319.01 for 80x86
  Copyright (C) Microsoft Corporation.  All rights reserved.
  
  cl /c /Zi /W3 /WX- /Od /Ob0 /Oy- /D WIN32 /D _WINDOWS /D _DEBUG /D "CMAKE_INTDIR=\"Debug\"" /D _MBCS /Gm- /RTC1 /MDd /GS /fp:precise /Zc:wchar_t /Zc:forScope /Fo"cmTryCompileExec.dir\Debug\\" /Fd"C:/Dev/Psybrus/External/pcre/CMakeFiles/CMakeTmp/Debug/cmTryCompileExec.pdb" /Gd /TC /analyze- /errorReport:queue C:\Dev\Psybrus\External\pcre\CMakeFiles\CMakeTmp\CheckIncludeFile.c  /Zm1000 
  
  CheckIncludeFile.c
C:\Dev\Psybrus\External\pcre\CMakeFiles\CMakeTmp\CheckIncludeFile.c(1): fatal error C1083: Cannot open include file: 'dirent.h': No such file or directory [C:\Dev\Psybrus\External\pcre\CMakeFiles\CMakeTmp\cmTryCompileExec.vcxproj]
Done Building Project "C:\Dev\Psybrus\External\pcre\CMakeFiles\CMakeTmp\cmTryCompileExec.vcxproj" (default targets) -- FAILED.

Build FAILED.

"C:\Dev\Psybrus\External\pcre\CMakeFiles\CMakeTmp\cmTryCompileExec.vcxproj" (default target) (1) ->
(ClCompile target) -> 
  C:\Dev\Psybrus\External\pcre\CMakeFiles\CMakeTmp\CheckIncludeFile.c(1): fatal error C1083: Cannot open include file: 'dirent.h': No such file or directory [C:\Dev\Psybrus\External\pcre\CMakeFiles\CMakeTmp\cmTryCompileExec.vcxproj]

    0 Warning(s)
    1 Error(s)

Time Elapsed 00:00:00.19


Determining if the include file inttypes.h exists failed with the following output:
Change Dir: C:/Dev/Psybrus/External/pcre/CMakeFiles/CMakeTmp

Run Build Command:C:\Windows\Microsoft.NET\Framework\v4.0.30319\MSBuild.exe cmTryCompileExec.vcxproj /p:Configuration=Debug
Microsoft (R) Build Engine Version 4.0.30319.1
[Microsoft .NET Framework, Version 4.0.30319.269]
Copyright (C) Microsoft Corporation 2007. All rights reserved.

Build started 12/12/2012 6:05:25 PM.
Project "C:\Dev\Psybrus\External\pcre\CMakeFiles\CMakeTmp\cmTryCompileExec.vcxproj" on node 1 (default targets).
InitializeBuildStatus:
  Creating "cmTryCompileExec.dir\Debug\cmTryCompileExec.unsuccessfulbuild" because "AlwaysCreate" was specified.
ClCompile:
  c:\Program Files (x86)\Microsoft Visual Studio 10.0\VC\bin\CL.exe /c /Zi /W3 /WX- /Od /Ob0 /Oy- /D WIN32 /D _WINDOWS /D _DEBUG /D "CMAKE_INTDIR=\"Debug\"" /D _MBCS /Gm- /RTC1 /MDd /GS /fp:precise /Zc:wchar_t /Zc:forScope /Fo"cmTryCompileExec.dir\Debug\\" /Fd"C:/Dev/Psybrus/External/pcre/CMakeFiles/CMakeTmp/Debug/cmTryCompileExec.pdb" /Gd /TC /analyze- /errorReport:queue C:\Dev\Psybrus\External\pcre\CMakeFiles\CMakeTmp\CheckIncludeFile.c  /Zm1000 
  Microsoft (R) 32-bit C/C++ Optimizing Compiler Version 16.00.30319.01 for 80x86
  Copyright (C) Microsoft Corporation.  All rights reserved.
  
  cl /c /Zi /W3 /WX- /Od /Ob0 /Oy- /D WIN32 /D _WINDOWS /D _DEBUG /D "CMAKE_INTDIR=\"Debug\"" /D _MBCS /Gm- /RTC1 /MDd /GS /fp:precise /Zc:wchar_t /Zc:forScope /Fo"cmTryCompileExec.dir\Debug\\" /Fd"C:/Dev/Psybrus/External/pcre/CMakeFiles/CMakeTmp/Debug/cmTryCompileExec.pdb" /Gd /TC /analyze- /errorReport:queue C:\Dev\Psybrus\External\pcre\CMakeFiles\CMakeTmp\CheckIncludeFile.c  /Zm1000 
  
  CheckIncludeFile.c
C:\Dev\Psybrus\External\pcre\CMakeFiles\CMakeTmp\CheckIncludeFile.c(1): fatal error C1083: Cannot open include file: 'inttypes.h': No such file or directory [C:\Dev\Psybrus\External\pcre\CMakeFiles\CMakeTmp\cmTryCompileExec.vcxproj]
Done Building Project "C:\Dev\Psybrus\External\pcre\CMakeFiles\CMakeTmp\cmTryCompileExec.vcxproj" (default targets) -- FAILED.

Build FAILED.

"C:\Dev\Psybrus\External\pcre\CMakeFiles\CMakeTmp\cmTryCompileExec.vcxproj" (default target) (1) ->
(ClCompile target) -> 
  C:\Dev\Psybrus\External\pcre\CMakeFiles\CMakeTmp\CheckIncludeFile.c(1): fatal error C1083: Cannot open include file: 'inttypes.h': No such file or directory [C:\Dev\Psybrus\External\pcre\CMakeFiles\CMakeTmp\cmTryCompileExec.vcxproj]

    0 Warning(s)
    1 Error(s)

Time Elapsed 00:00:00.16


Determining if the include file unistd.h exists failed with the following output:
Change Dir: C:/Dev/Psybrus/External/pcre/CMakeFiles/CMakeTmp

Run Build Command:C:\Windows\Microsoft.NET\Framework\v4.0.30319\MSBuild.exe cmTryCompileExec.vcxproj /p:Configuration=Debug
Microsoft (R) Build Engine Version 4.0.30319.1
[Microsoft .NET Framework, Version 4.0.30319.269]
Copyright (C) Microsoft Corporation 2007. All rights reserved.

Build started 12/12/2012 6:05:27 PM.
Project "C:\Dev\Psybrus\External\pcre\CMakeFiles\CMakeTmp\cmTryCompileExec.vcxproj" on node 1 (default targets).
InitializeBuildStatus:
  Creating "cmTryCompileExec.dir\Debug\cmTryCompileExec.unsuccessfulbuild" because "AlwaysCreate" was specified.
ClCompile:
  c:\Program Files (x86)\Microsoft Visual Studio 10.0\VC\bin\CL.exe /c /Zi /W3 /WX- /Od /Ob0 /Oy- /D WIN32 /D _WINDOWS /D _DEBUG /D "CMAKE_INTDIR=\"Debug\"" /D _MBCS /Gm- /RTC1 /MDd /GS /fp:precise /Zc:wchar_t /Zc:forScope /Fo"cmTryCompileExec.dir\Debug\\" /Fd"C:/Dev/Psybrus/External/pcre/CMakeFiles/CMakeTmp/Debug/cmTryCompileExec.pdb" /Gd /TC /analyze- /errorReport:queue C:\Dev\Psybrus\External\pcre\CMakeFiles\CMakeTmp\CheckIncludeFile.c  /Zm1000 
  Microsoft (R) 32-bit C/C++ Optimizing Compiler Version 16.00.30319.01 for 80x86
  Copyright (C) Microsoft Corporation.  All rights reserved.
  
  cl /c /Zi /W3 /WX- /Od /Ob0 /Oy- /D WIN32 /D _WINDOWS /D _DEBUG /D "CMAKE_INTDIR=\"Debug\"" /D _MBCS /Gm- /RTC1 /MDd /GS /fp:precise /Zc:wchar_t /Zc:forScope /Fo"cmTryCompileExec.dir\Debug\\" /Fd"C:/Dev/Psybrus/External/pcre/CMakeFiles/CMakeTmp/Debug/cmTryCompileExec.pdb" /Gd /TC /analyze- /errorReport:queue C:\Dev\Psybrus\External\pcre\CMakeFiles\CMakeTmp\CheckIncludeFile.c  /Zm1000 
  
  CheckIncludeFile.c
C:\Dev\Psybrus\External\pcre\CMakeFiles\CMakeTmp\CheckIncludeFile.c(1): fatal error C1083: Cannot open include file: 'unistd.h': No such file or directory [C:\Dev\Psybrus\External\pcre\CMakeFiles\CMakeTmp\cmTryCompileExec.vcxproj]
Done Building Project "C:\Dev\Psybrus\External\pcre\CMakeFiles\CMakeTmp\cmTryCompileExec.vcxproj" (default targets) -- FAILED.

Build FAILED.

"C:\Dev\Psybrus\External\pcre\CMakeFiles\CMakeTmp\cmTryCompileExec.vcxproj" (default target) (1) ->
(ClCompile target) -> 
  C:\Dev\Psybrus\External\pcre\CMakeFiles\CMakeTmp\CheckIncludeFile.c(1): fatal error C1083: Cannot open include file: 'unistd.h': No such file or directory [C:\Dev\Psybrus\External\pcre\CMakeFiles\CMakeTmp\cmTryCompileExec.vcxproj]

    0 Warning(s)
    1 Error(s)

Time Elapsed 00:00:00.15


Determining if the include file type_traits.h exists failed with the following output:
Change Dir: C:/Dev/Psybrus/External/pcre/CMakeFiles/CMakeTmp

Run Build Command:C:\Windows\Microsoft.NET\Framework\v4.0.30319\MSBuild.exe cmTryCompileExec.vcxproj /p:Configuration=Debug
Microsoft (R) Build Engine Version 4.0.30319.1
[Microsoft .NET Framework, Version 4.0.30319.269]
Copyright (C) Microsoft Corporation 2007. All rights reserved.

Build started 12/12/2012 6:05:28 PM.
Project "C:\Dev\Psybrus\External\pcre\CMakeFiles\CMakeTmp\cmTryCompileExec.vcxproj" on node 1 (default targets).
InitializeBuildStatus:
  Creating "cmTryCompileExec.dir\Debug\cmTryCompileExec.unsuccessfulbuild" because "AlwaysCreate" was specified.
ClCompile:
  c:\Program Files (x86)\Microsoft Visual Studio 10.0\VC\bin\CL.exe /c /Zi /W3 /WX- /Od /Ob0 /Oy- /D WIN32 /D _WINDOWS /D _DEBUG /D "CMAKE_INTDIR=\"Debug\"" /D _MBCS /Gm- /EHsc /RTC1 /MDd /GS /fp:precise /Zc:wchar_t /Zc:forScope /GR /Fo"cmTryCompileExec.dir\Debug\\" /Fd"C:/Dev/Psybrus/External/pcre/CMakeFiles/CMakeTmp/Debug/cmTryCompileExec.pdb" /Gd /TP /analyze- /errorReport:queue C:\Dev\Psybrus\External\pcre\CMakeFiles\CMakeTmp\CheckIncludeFile.cxx  /Zm1000 
  Microsoft (R) 32-bit C/C++ Optimizing Compiler Version 16.00.30319.01 for 80x86
  Copyright (C) Microsoft Corporation.  All rights reserved.
  
  cl /c /Zi /W3 /WX- /Od /Ob0 /Oy- /D WIN32 /D _WINDOWS /D _DEBUG /D "CMAKE_INTDIR=\"Debug\"" /D _MBCS /Gm- /EHsc /RTC1 /MDd /GS /fp:precise /Zc:wchar_t /Zc:forScope /GR /Fo"cmTryCompileExec.dir\Debug\\" /Fd"C:/Dev/Psybrus/External/pcre/CMakeFiles/CMakeTmp/Debug/cmTryCompileExec.pdb" /Gd /TP /analyze- /errorReport:queue C:\Dev\Psybrus\External\pcre\CMakeFiles\CMakeTmp\CheckIncludeFile.cxx  /Zm1000 
  CheckIncludeFile.cxx
  
C:\Dev\Psybrus\External\pcre\CMakeFiles\CMakeTmp\CheckIncludeFile.cxx(1): fatal error C1083: Cannot open include file: 'type_traits.h': No such file or directory [C:\Dev\Psybrus\External\pcre\CMakeFiles\CMakeTmp\cmTryCompileExec.vcxproj]
Done Building Project "C:\Dev\Psybrus\External\pcre\CMakeFiles\CMakeTmp\cmTryCompileExec.vcxproj" (default targets) -- FAILED.

Build FAILED.

"C:\Dev\Psybrus\External\pcre\CMakeFiles\CMakeTmp\cmTryCompileExec.vcxproj" (default target) (1) ->
(ClCompile target) -> 
  C:\Dev\Psybrus\External\pcre\CMakeFiles\CMakeTmp\CheckIncludeFile.cxx(1): fatal error C1083: Cannot open include file: 'type_traits.h': No such file or directory [C:\Dev\Psybrus\External\pcre\CMakeFiles\CMakeTmp\cmTryCompileExec.vcxproj]

    0 Warning(s)
    1 Error(s)

Time Elapsed 00:00:00.19


Determining if the include file bits/type_traits.h exists failed with the following output:
Change Dir: C:/Dev/Psybrus/External/pcre/CMakeFiles/CMakeTmp

Run Build Command:C:\Windows\Microsoft.NET\Framework\v4.0.30319\MSBuild.exe cmTryCompileExec.vcxproj /p:Configuration=Debug
Microsoft (R) Build Engine Version 4.0.30319.1
[Microsoft .NET Framework, Version 4.0.30319.269]
Copyright (C) Microsoft Corporation 2007. All rights reserved.

Build started 12/12/2012 6:05:29 PM.
Project "C:\Dev\Psybrus\External\pcre\CMakeFiles\CMakeTmp\cmTryCompileExec.vcxproj" on node 1 (default targets).
InitializeBuildStatus:
  Creating "cmTryCompileExec.dir\Debug\cmTryCompileExec.unsuccessfulbuild" because "AlwaysCreate" was specified.
ClCompile:
  c:\Program Files (x86)\Microsoft Visual Studio 10.0\VC\bin\CL.exe /c /Zi /W3 /WX- /Od /Ob0 /Oy- /D WIN32 /D _WINDOWS /D _DEBUG /D "CMAKE_INTDIR=\"Debug\"" /D _MBCS /Gm- /EHsc /RTC1 /MDd /GS /fp:precise /Zc:wchar_t /Zc:forScope /GR /Fo"cmTryCompileExec.dir\Debug\\" /Fd"C:/Dev/Psybrus/External/pcre/CMakeFiles/CMakeTmp/Debug/cmTryCompileExec.pdb" /Gd /TP /analyze- /errorReport:queue C:\Dev\Psybrus\External\pcre\CMakeFiles\CMakeTmp\CheckIncludeFile.cxx  /Zm1000 
  Microsoft (R) 32-bit C/C++ Optimizing Compiler Version 16.00.30319.01 for 80x86
  Copyright (C) Microsoft Corporation.  All rights reserved.
  
  cl /c /Zi /W3 /WX- /Od /Ob0 /Oy- /D WIN32 /D _WINDOWS /D _DEBUG /D "CMAKE_INTDIR=\"Debug\"" /D _MBCS /Gm- /EHsc /RTC1 /MDd /GS /fp:precise /Zc:wchar_t /Zc:forScope /GR /Fo"cmTryCompileExec.dir\Debug\\" /Fd"C:/Dev/Psybrus/External/pcre/CMakeFiles/CMakeTmp/Debug/cmTryCompileExec.pdb" /Gd /TP /analyze- /errorReport:queue C:\Dev\Psybrus\External\pcre\CMakeFiles\CMakeTmp\CheckIncludeFile.cxx  /Zm1000 
  
  CheckIncludeFile.cxx
C:\Dev\Psybrus\External\pcre\CMakeFiles\CMakeTmp\CheckIncludeFile.cxx(1): fatal error C1083: Cannot open include file: 'bits/type_traits.h': No such file or directory [C:\Dev\Psybrus\External\pcre\CMakeFiles\CMakeTmp\cmTryCompileExec.vcxproj]
Done Building Project "C:\Dev\Psybrus\External\pcre\CMakeFiles\CMakeTmp\cmTryCompileExec.vcxproj" (default targets) -- FAILED.

Build FAILED.

"C:\Dev\Psybrus\External\pcre\CMakeFiles\CMakeTmp\cmTryCompileExec.vcxproj" (default target) (1) ->
(ClCompile target) -> 
  C:\Dev\Psybrus\External\pcre\CMakeFiles\CMakeTmp\CheckIncludeFile.cxx(1): fatal error C1083: Cannot open include file: 'bits/type_traits.h': No such file or directory [C:\Dev\Psybrus\External\pcre\CMakeFiles\CMakeTmp\cmTryCompileExec.vcxproj]

    0 Warning(s)
    1 Error(s)

Time Elapsed 00:00:00.18


Determining if the function bcopy exists failed with the following output:
Change Dir: C:/Dev/Psybrus/External/pcre/CMakeFiles/CMakeTmp

Run Build Command:C:\Windows\Microsoft.NET\Framework\v4.0.30319\MSBuild.exe cmTryCompileExec.vcxproj /p:Configuration=Debug
Microsoft (R) Build Engine Version 4.0.30319.1
[Microsoft .NET Framework, Version 4.0.30319.269]
Copyright (C) Microsoft Corporation 2007. All rights reserved.

Build started 12/12/2012 6:05:29 PM.
Project "C:\Dev\Psybrus\External\pcre\CMakeFiles\CMakeTmp\cmTryCompileExec.vcxproj" on node 1 (default targets).
InitializeBuildStatus:
  Creating "cmTryCompileExec.dir\Debug\cmTryCompileExec.unsuccessfulbuild" because "AlwaysCreate" was specified.
ClCompile:
  c:\Program Files (x86)\Microsoft Visual Studio 10.0\VC\bin\CL.exe /c /Zi /W3 /WX- /Od /Ob0 /Oy- /D WIN32 /D _WINDOWS /D CHECK_FUNCTION_EXISTS=bcopy /D _DEBUG /D "CMAKE_INTDIR=\"Debug\"" /D _MBCS /Gm- /RTC1 /MDd /GS /fp:precise /Zc:wchar_t /Zc:forScope /Fo"cmTryCompileExec.dir\Debug\\" /Fd"C:/Dev/Psybrus/External/pcre/CMakeFiles/CMakeTmp/Debug/cmTryCompileExec.pdb" /Gd /TC /analyze- /errorReport:queue "C:\Program Files (x86)\CMake 2.8\share\cmake-2.8\Modules\CheckFunctionExists.c"  /Zm1000 
  Microsoft (R) 32-bit C/C++ Optimizing Compiler Version 16.00.30319.01 for 80x86
  Copyright (C) Microsoft Corporation.  All rights reserved.
  
  cl /c /Zi /W3 /WX- /Od /Ob0 /Oy- /D WIN32 /D _WINDOWS /D CHECK_FUNCTION_EXISTS=bcopy /D _DEBUG /D "CMAKE_INTDIR=\"Debug\"" /D _MBCS /Gm- /RTC1 /MDd /GS /fp:precise /Zc:wchar_t /Zc:forScope /Fo"cmTryCompileExec.dir\Debug\\" /Fd"C:/Dev/Psybrus/External/pcre/CMakeFiles/CMakeTmp/Debug/cmTryCompileExec.pdb" /Gd /TC /analyze- /errorReport:queue "C:\Program Files (x86)\CMake 2.8\share\cmake-2.8\Modules\CheckFunctionExists.c"  /Zm1000 
  
  CheckFunctionExists.c
ManifestResourceCompile:
  C:\Program Files (x86)\Microsoft SDKs\Windows\v7.0A\bin\rc.exe /nologo /fo"cmTryCompileExec.dir\Debug\cmTryCompileExec.exe.embed.manifest.res" cmTryCompileExec.dir\Debug\cmTryCompileExec_manifest.rc 
Link:
  c:\Program Files (x86)\Microsoft Visual Studio 10.0\VC\bin\link.exe /ERRORREPORT:QUEUE /OUT:"C:\Dev\Psybrus\External\pcre\CMakeFiles\CMakeTmp\Debug\cmTryCompileExec.exe" /INCREMENTAL /NOLOGO kernel32.lib user32.lib gdi32.lib winspool.lib shell32.lib ole32.lib oleaut32.lib uuid.lib comdlg32.lib advapi32.lib /MANIFEST /ManifestFile:"cmTryCompileExec.dir\Debug\cmTryCompileExec.exe.intermediate.manifest" /MANIFESTUAC:"level='asInvoker' uiAccess='false'" /DEBUG /PDB:"C:\Dev\Psybrus\External\pcre\CMakeFiles\CMakeTmp\Debug\cmTryCompileExec.pdb" /SUBSYSTEM:CONSOLE /STACK:"10000000" /TLBID:1 /DYNAMICBASE /NXCOMPAT /IMPLIB:"C:/Dev/Psybrus/External/pcre/CMakeFiles/CMakeTmp/Debug/cmTryCompileExec.lib" /MACHINE:X86 cmTryCompileExec.dir\Debug\cmTryCompileExec.exe.embed.manifest.res
  cmTryCompileExec.dir\Debug\CheckFunctionExists.obj  /machine:X86 /debug 
CheckFunctionExists.obj : error LNK2019: unresolved external symbol _bcopy referenced in function _main [C:\Dev\Psybrus\External\pcre\CMakeFiles\CMakeTmp\cmTryCompileExec.vcxproj]
C:\Dev\Psybrus\External\pcre\CMakeFiles\CMakeTmp\Debug\cmTryCompileExec.exe : fatal error LNK1120: 1 unresolved externals [C:\Dev\Psybrus\External\pcre\CMakeFiles\CMakeTmp\cmTryCompileExec.vcxproj]
Done Building Project "C:\Dev\Psybrus\External\pcre\CMakeFiles\CMakeTmp\cmTryCompileExec.vcxproj" (default targets) -- FAILED.

Build FAILED.

"C:\Dev\Psybrus\External\pcre\CMakeFiles\CMakeTmp\cmTryCompileExec.vcxproj" (default target) (1) ->
(Link target) -> 
  CheckFunctionExists.obj : error LNK2019: unresolved external symbol _bcopy referenced in function _main [C:\Dev\Psybrus\External\pcre\CMakeFiles\CMakeTmp\cmTryCompileExec.vcxproj]
  C:\Dev\Psybrus\External\pcre\CMakeFiles\CMakeTmp\Debug\cmTryCompileExec.exe : fatal error LNK1120: 1 unresolved externals [C:\Dev\Psybrus\External\pcre\CMakeFiles\CMakeTmp\cmTryCompileExec.vcxproj]

    0 Warning(s)
    2 Error(s)

Time Elapsed 00:00:00.29


Determining if the function strtoll exists failed with the following output:
Change Dir: C:/Dev/Psybrus/External/pcre/CMakeFiles/CMakeTmp

Run Build Command:C:\Windows\Microsoft.NET\Framework\v4.0.30319\MSBuild.exe cmTryCompileExec.vcxproj /p:Configuration=Debug
Microsoft (R) Build Engine Version 4.0.30319.1
[Microsoft .NET Framework, Version 4.0.30319.269]
Copyright (C) Microsoft Corporation 2007. All rights reserved.

Build started 12/12/2012 6:05:31 PM.
Project "C:\Dev\Psybrus\External\pcre\CMakeFiles\CMakeTmp\cmTryCompileExec.vcxproj" on node 1 (default targets).
InitializeBuildStatus:
  Creating "cmTryCompileExec.dir\Debug\cmTryCompileExec.unsuccessfulbuild" because "AlwaysCreate" was specified.
ClCompile:
  c:\Program Files (x86)\Microsoft Visual Studio 10.0\VC\bin\CL.exe /c /Zi /W3 /WX- /Od /Ob0 /Oy- /D WIN32 /D _WINDOWS /D CHECK_FUNCTION_EXISTS=strtoll /D _DEBUG /D "CMAKE_INTDIR=\"Debug\"" /D _MBCS /Gm- /RTC1 /MDd /GS /fp:precise /Zc:wchar_t /Zc:forScope /Fo"cmTryCompileExec.dir\Debug\\" /Fd"C:/Dev/Psybrus/External/pcre/CMakeFiles/CMakeTmp/Debug/cmTryCompileExec.pdb" /Gd /TC /analyze- /errorReport:queue "C:\Program Files (x86)\CMake 2.8\share\cmake-2.8\Modules\CheckFunctionExists.c"  /Zm1000 
  Microsoft (R) 32-bit C/C++ Optimizing Compiler Version 16.00.30319.01 for 80x86
  Copyright (C) Microsoft Corporation.  All rights reserved.
  
  cl /c /Zi /W3 /WX- /Od /Ob0 /Oy- /D WIN32 /D _WINDOWS /D CHECK_FUNCTION_EXISTS=strtoll /D _DEBUG /D "CMAKE_INTDIR=\"Debug\"" /D _MBCS /Gm- /RTC1 /MDd /GS /fp:precise /Zc:wchar_t /Zc:forScope /Fo"cmTryCompileExec.dir\Debug\\" /Fd"C:/Dev/Psybrus/External/pcre/CMakeFiles/CMakeTmp/Debug/cmTryCompileExec.pdb" /Gd /TC /analyze- /errorReport:queue "C:\Program Files (x86)\CMake 2.8\share\cmake-2.8\Modules\CheckFunctionExists.c"  /Zm1000 
  CheckFunctionExists.c
  
ManifestResourceCompile:
  C:\Program Files (x86)\Microsoft SDKs\Windows\v7.0A\bin\rc.exe /nologo /fo"cmTryCompileExec.dir\Debug\cmTryCompileExec.exe.embed.manifest.res" cmTryCompileExec.dir\Debug\cmTryCompileExec_manifest.rc 
Link:
  c:\Program Files (x86)\Microsoft Visual Studio 10.0\VC\bin\link.exe /ERRORREPORT:QUEUE /OUT:"C:\Dev\Psybrus\External\pcre\CMakeFiles\CMakeTmp\Debug\cmTryCompileExec.exe" /INCREMENTAL /NOLOGO kernel32.lib user32.lib gdi32.lib winspool.lib shell32.lib ole32.lib oleaut32.lib uuid.lib comdlg32.lib advapi32.lib /MANIFEST /ManifestFile:"cmTryCompileExec.dir\Debug\cmTryCompileExec.exe.intermediate.manifest" /MANIFESTUAC:"level='asInvoker' uiAccess='false'" /DEBUG /PDB:"C:\Dev\Psybrus\External\pcre\CMakeFiles\CMakeTmp\Debug\cmTryCompileExec.pdb" /SUBSYSTEM:CONSOLE /STACK:"10000000" /TLBID:1 /DYNAMICBASE /NXCOMPAT /IMPLIB:"C:/Dev/Psybrus/External/pcre/CMakeFiles/CMakeTmp/Debug/cmTryCompileExec.lib" /MACHINE:X86 cmTryCompileExec.dir\Debug\cmTryCompileExec.exe.embed.manifest.res
  cmTryCompileExec.dir\Debug\CheckFunctionExists.obj  /machine:X86 /debug 
CheckFunctionExists.obj : error LNK2019: unresolved external symbol _strtoll referenced in function _main [C:\Dev\Psybrus\External\pcre\CMakeFiles\CMakeTmp\cmTryCompileExec.vcxproj]
C:\Dev\Psybrus\External\pcre\CMakeFiles\CMakeTmp\Debug\cmTryCompileExec.exe : fatal error LNK1120: 1 unresolved externals [C:\Dev\Psybrus\External\pcre\CMakeFiles\CMakeTmp\cmTryCompileExec.vcxproj]
Done Building Project "C:\Dev\Psybrus\External\pcre\CMakeFiles\CMakeTmp\cmTryCompileExec.vcxproj" (default targets) -- FAILED.

Build FAILED.

"C:\Dev\Psybrus\External\pcre\CMakeFiles\CMakeTmp\cmTryCompileExec.vcxproj" (default target) (1) ->
(Link target) -> 
  CheckFunctionExists.obj : error LNK2019: unresolved external symbol _strtoll referenced in function _main [C:\Dev\Psybrus\External\pcre\CMakeFiles\CMakeTmp\cmTryCompileExec.vcxproj]
  C:\Dev\Psybrus\External\pcre\CMakeFiles\CMakeTmp\Debug\cmTryCompileExec.exe : fatal error LNK1120: 1 unresolved externals [C:\Dev\Psybrus\External\pcre\CMakeFiles\CMakeTmp\cmTryCompileExec.vcxproj]

    0 Warning(s)
    2 Error(s)

Time Elapsed 00:00:00.29


Determining if the function strtoq exists failed with the following output:
Change Dir: C:/Dev/Psybrus/External/pcre/CMakeFiles/CMakeTmp

Run Build Command:C:\Windows\Microsoft.NET\Framework\v4.0.30319\MSBuild.exe cmTryCompileExec.vcxproj /p:Configuration=Debug
Microsoft (R) Build Engine Version 4.0.30319.1
[Microsoft .NET Framework, Version 4.0.30319.269]
Copyright (C) Microsoft Corporation 2007. All rights reserved.

Build started 12/12/2012 6:05:31 PM.
Project "C:\Dev\Psybrus\External\pcre\CMakeFiles\CMakeTmp\cmTryCompileExec.vcxproj" on node 1 (default targets).
InitializeBuildStatus:
  Creating "cmTryCompileExec.dir\Debug\cmTryCompileExec.unsuccessfulbuild" because "AlwaysCreate" was specified.
ClCompile:
  c:\Program Files (x86)\Microsoft Visual Studio 10.0\VC\bin\CL.exe /c /Zi /W3 /WX- /Od /Ob0 /Oy- /D WIN32 /D _WINDOWS /D CHECK_FUNCTION_EXISTS=strtoq /D _DEBUG /D "CMAKE_INTDIR=\"Debug\"" /D _MBCS /Gm- /RTC1 /MDd /GS /fp:precise /Zc:wchar_t /Zc:forScope /Fo"cmTryCompileExec.dir\Debug\\" /Fd"C:/Dev/Psybrus/External/pcre/CMakeFiles/CMakeTmp/Debug/cmTryCompileExec.pdb" /Gd /TC /analyze- /errorReport:queue "C:\Program Files (x86)\CMake 2.8\share\cmake-2.8\Modules\CheckFunctionExists.c"  /Zm1000 
  Microsoft (R) 32-bit C/C++ Optimizing Compiler Version 16.00.30319.01 for 80x86
  Copyright (C) Microsoft Corporation.  All rights reserved.
  
  cl /c /Zi /W3 /WX- /Od /Ob0 /Oy- /D WIN32 /D _WINDOWS /D CHECK_FUNCTION_EXISTS=strtoq /D _DEBUG /D "CMAKE_INTDIR=\"Debug\"" /D _MBCS /Gm- /RTC1 /MDd /GS /fp:precise /Zc:wchar_t /Zc:forScope /Fo"cmTryCompileExec.dir\Debug\\" /Fd"C:/Dev/Psybrus/External/pcre/CMakeFiles/CMakeTmp/Debug/cmTryCompileExec.pdb" /Gd /TC /analyze- /errorReport:queue "C:\Program Files (x86)\CMake 2.8\share\cmake-2.8\Modules\CheckFunctionExists.c"  /Zm1000 
  
  CheckFunctionExists.c
ManifestResourceCompile:
  C:\Program Files (x86)\Microsoft SDKs\Windows\v7.0A\bin\rc.exe /nologo /fo"cmTryCompileExec.dir\Debug\cmTryCompileExec.exe.embed.manifest.res" cmTryCompileExec.dir\Debug\cmTryCompileExec_manifest.rc 
Link:
  c:\Program Files (x86)\Microsoft Visual Studio 10.0\VC\bin\link.exe /ERRORREPORT:QUEUE /OUT:"C:\Dev\Psybrus\External\pcre\CMakeFiles\CMakeTmp\Debug\cmTryCompileExec.exe" /INCREMENTAL /NOLOGO kernel32.lib user32.lib gdi32.lib winspool.lib shell32.lib ole32.lib oleaut32.lib uuid.lib comdlg32.lib advapi32.lib /MANIFEST /ManifestFile:"cmTryCompileExec.dir\Debug\cmTryCompileExec.exe.intermediate.manifest" /MANIFESTUAC:"level='asInvoker' uiAccess='false'" /DEBUG /PDB:"C:\Dev\Psybrus\External\pcre\CMakeFiles\CMakeTmp\Debug\cmTryCompileExec.pdb" /SUBSYSTEM:CONSOLE /STACK:"10000000" /TLBID:1 /DYNAMICBASE /NXCOMPAT /IMPLIB:"C:/Dev/Psybrus/External/pcre/CMakeFiles/CMakeTmp/Debug/cmTryCompileExec.lib" /MACHINE:X86 cmTryCompileExec.dir\Debug\cmTryCompileExec.exe.embed.manifest.res
  cmTryCompileExec.dir\Debug\CheckFunctionExists.obj  /machine:X86 /debug 
CheckFunctionExists.obj : error LNK2019: unresolved external symbol _strtoq referenced in function _main [C:\Dev\Psybrus\External\pcre\CMakeFiles\CMakeTmp\cmTryCompileExec.vcxproj]
C:\Dev\Psybrus\External\pcre\CMakeFiles\CMakeTmp\Debug\cmTryCompileExec.exe : fatal error LNK1120: 1 unresolved externals [C:\Dev\Psybrus\External\pcre\CMakeFiles\CMakeTmp\cmTryCompileExec.vcxproj]
Done Building Project "C:\Dev\Psybrus\External\pcre\CMakeFiles\CMakeTmp\cmTryCompileExec.vcxproj" (default targets) -- FAILED.

Build FAILED.

"C:\Dev\Psybrus\External\pcre\CMakeFiles\CMakeTmp\cmTryCompileExec.vcxproj" (default target) (1) ->
(Link target) -> 
  CheckFunctionExists.obj : error LNK2019: unresolved external symbol _strtoq referenced in function _main [C:\Dev\Psybrus\External\pcre\CMakeFiles\CMakeTmp\cmTryCompileExec.vcxproj]
  C:\Dev\Psybrus\External\pcre\CMakeFiles\CMakeTmp\Debug\cmTryCompileExec.exe : fatal error LNK1120: 1 unresolved externals [C:\Dev\Psybrus\External\pcre\CMakeFiles\CMakeTmp\cmTryCompileExec.vcxproj]

    0 Warning(s)
    2 Error(s)

Time Elapsed 00:00:00.29


